This is pdfTeXk, Version 3.1415926-1.40.9 (Web2C 7.5.7) (format=pdflatex 2009.4.10)  21 AUG 2015 12:54
entering extended mode
 file:line:error style messages enabled.
 %&-line parsing enabled.
**chapitre2.tex
(./chapitre2.tex
LaTeX2e <2005/12/01>
Babel <v3.8l> and hyphenation patterns for english, usenglishmax, dumylang, noh
yphenation, german-x-2008-06-18, ngerman-x-2008-06-18, ancientgreek, ibycus, ar
abic, basque, bulgarian, catalan, pinyin, coptic, croatian, czech, danish, dutc
h, esperanto, estonian, farsi, finnish, french, galician, german, ngerman, mono
greek, greek, hungarian, icelandic, indonesian, interlingua, irish, italian, la
tin, lithuanian, mongolian, mongolian2a, bokmal, nynorsk, polish, portuguese, r
omanian, russian, sanskrit, serbian, slovak, slovenian, spanish, swedish, turki
sh, ukenglish, ukrainian, uppersorbian, welsh, loaded.

./chapitre2.tex:1: LaTeX Error: No counter 'mtc' defined.

See the LaTeX manual or LaTeX Companion for explanation.
Type  H <return>  for immediate help.
 ...                                              
                                                  
l.1 \setcounter{mtc}{6}
                        %indique le numéro réel du chapitre, pour la mini ta...

? 
./chapitre2.tex:1: Emergency stop.
 ...                                              
                                                  
l.1 \setcounter{mtc}{6}
                        %indique le numéro réel du chapitre, pour la mini ta...

Your command was ignored.
Type  I <command> <return>  to replace it with another command,
or  <return>  to continue without it.

 
Here is how much of TeX's memory you used:
 7 strings out of 493876
 269 string characters out of 1150568
 48901 words of memory out of 3000000
 3380 multiletter control sequences out of 10000+50000
 3640 words of font info for 14 fonts, out of 3000000 for 5000
 714 hyphenation exceptions out of 8191
 5i,0n,4p,110b,14s stack positions out of 5000i,500n,10000p,200000b,50000s
./chapitre2.tex:1:  ==> Fatal error occurred, no output PDF file produced!
